{
  "RSpec": {
    "coverage": {
      "/Users/hernanvelasquez/jobs/positrace/config/environment.rb": {
        "lines": [
          null,
          1,
          null,
          null,
          1
        ]
      },
      "/Users/hernanvelasquez/jobs/positrace/config/application.rb": {
        "lines": [
          1,
          null,
          1,
          null,
          1,
          1,
          1,
          1,
          1,
          1,
          1,
          1,
          1,
          1,
          null,
          null,
          null,
          null,
          1,
          null,
          1,
          1,
          null,
          1,
          null,
          null,
          null,
          null,
          1,
          null,
          null,
          null,
          null,
          null,
          null,
          null,
          null,
          null,
          null,
          null,
          null,
          1,
          null,
          null
        ]
      },
      "/Users/hernanvelasquez/jobs/positrace/config/boot.rb": {
        "lines": [
          1,
          null,
          1,
          1
        ]
      },
      "/Users/hernanvelasquez/jobs/positrace/config/environments/test.rb": {
        "lines": [
          1,
          null,
          null,
          null,
          null,
          null,
          null,
          1,
          null,
          null,
          null,
          1,
          null,
          null,
          null,
          null,
          null,
          1,
          null,
          null,
          1,
          1,
          null,
          null,
          null,
          null,
          1,
          1,
          1,
          null,
          null,
          1,
          null,
          null,
          1,
          null,
          null,
          1,
          null,
          1,
          null,
          null,
          null,
          null,
          1,
          null,
          null,
          1,
          null,
          null,
          1,
          null,
          null,
          1,
          null,
          null,
          null,
          null,
          null,
          null,
          null,
          null,
          1,
          null
        ]
      },
      "/Users/hernanvelasquez/jobs/positrace/config/initializers/cors.rb": {
        "lines": [
          null,
          null,
          null,
          null,
          null,
          null,
          null,
          null,
          null,
          null,
          null,
          null,
          null,
          null,
          null,
          null
        ]
      },
      "/Users/hernanvelasquez/jobs/positrace/config/initializers/filter_parameter_logging.rb": {
        "lines": [
          null,
          null,
          null,
          null,
          null,
          1,
          null,
          null
        ]
      },
      "/Users/hernanvelasquez/jobs/positrace/config/initializers/inflections.rb": {
        "lines": [
          null,
          null,
          null,
          null,
          null,
          null,
          null,
          null,
          null,
          null,
          null,
          null,
          null,
          null,
          null,
          null
        ]
      },
      "/Users/hernanvelasquez/jobs/positrace/spec/factories/geolocation.rb": {
        "lines": [
          1,
          1,
          5,
          32,
          32,
          32,
          32,
          32,
          32,
          null,
          null
        ]
      },
      "/Users/hernanvelasquez/jobs/positrace/spec/factories/url_location.rb": {
        "lines": [
          1,
          1,
          1,
          1,
          null,
          null
        ]
      },
      "/Users/hernanvelasquez/jobs/positrace/config/routes.rb": {
        "lines": [
          1,
          null,
          1,
          1,
          1,
          null,
          null,
          null,
          null,
          null,
          null,
          1,
          null,
          null,
          null,
          null
        ]
      },
      "/Users/hernanvelasquez/jobs/positrace/app/models/geolocation.rb": {
        "lines": [
          1,
          null,
          1,
          null,
          1,
          1,
          1,
          null,
          1,
          null,
          1,
          33,
          1,
          null,
          null,
          null,
          1,
          23,
          4,
          19,
          10,
          9,
          8,
          null,
          1,
          null,
          23,
          null,
          null
        ]
      },
      "/Users/hernanvelasquez/jobs/positrace/app/models/application_record.rb": {
        "lines": [
          1,
          1,
          null
        ]
      },
      "/Users/hernanvelasquez/jobs/positrace/spec/models/url_location_spec.rb": {
        "lines": [
          1,
          null,
          1,
          1,
          1,
          2,
          null,
          3,
          null,
          1,
          2,
          null,
          1,
          1,
          1,
          1,
          null,
          null,
          null,
          1,
          2,
          null,
          1,
          1,
          null,
          null,
          null,
          null
        ]
      },
      "/Users/hernanvelasquez/jobs/positrace/app/models/url_location.rb": {
        "lines": [
          1,
          null,
          1,
          null,
          1,
          null,
          null
        ]
      },
      "/Users/hernanvelasquez/jobs/positrace/spec/requests/geolocations_spec.rb": {
        "lines": [
          1,
          null,
          1,
          null,
          null,
          null,
          15,
          15,
          null,
          1,
          null,
          3,
          null,
          null,
          null,
          null,
          1,
          null,
          2,
          null,
          null,
          null,
          null,
          null,
          null,
          null,
          1,
          8,
          null,
          null,
          1,
          1,
          1,
          1,
          1,
          null,
          null,
          null,
          1,
          1,
          1,
          1,
          1,
          null,
          null,
          1,
          1,
          1,
          1,
          null,
          null,
          null,
          1,
          1,
          1,
          null,
          1,
          null,
          null,
          null,
          null,
          1,
          1,
          1,
          1,
          null,
          null,
          null,
          1,
          1,
          null,
          1,
          null,
          null,
          null,
          null,
          1,
          1,
          1,
          1,
          null,
          null,
          null,
          1,
          1,
          null,
          1,
          null,
          null,
          null,
          null,
          1,
          1,
          1,
          1,
          null,
          null,
          null,
          null,
          1,
          1,
          1,
          1,
          1,
          1,
          null,
          null,
          null,
          null,
          null,
          1,
          1,
          1,
          null,
          1,
          1,
          null,
          null,
          null,
          null,
          1,
          1,
          1,
          1,
          null,
          null,
          null,
          null,
          1,
          1,
          null,
          1,
          1,
          null,
          null,
          null,
          1,
          1,
          1,
          null,
          null,
          null,
          null,
          1,
          1,
          1,
          null,
          null,
          null,
          null,
          1,
          1,
          1,
          null,
          1,
          null,
          null,
          null,
          null,
          1,
          1,
          1,
          null,
          null,
          null,
          null,
          1,
          1,
          null,
          1,
          null,
          null,
          null,
          null,
          1,
          1,
          1,
          null,
          null,
          null,
          null,
          1,
          1,
          null,
          1,
          null,
          null,
          null,
          null,
          null,
          1,
          1,
          1,
          1,
          null,
          null,
          null,
          null
        ]
      },
      "/Users/hernanvelasquez/jobs/positrace/spec/routing/geolocations_routing_spec.rb": {
        "lines": [
          1,
          null,
          1,
          1,
          1,
          1,
          null,
          null,
          1,
          1,
          null,
          null,
          1,
          1,
          null,
          null,
          1,
          1,
          null,
          null,
          1,
          1,
          null,
          null,
          null,
          null
        ]
      },
      "/Users/hernanvelasquez/jobs/positrace/app/controllers/geolocations_controller.rb": {
        "lines": [
          1,
          1,
          1,
          null,
          null,
          1,
          1,
          null,
          1,
          null,
          null,
          null,
          1,
          1,
          null,
          null,
          null,
          1,
          5,
          5,
          4,
          2,
          null,
          2,
          null,
          null,
          null,
          null,
          1,
          2,
          null,
          null,
          null,
          1,
          2,
          2,
          2,
          null,
          2,
          null,
          null,
          null,
          1,
          null,
          1,
          2,
          null,
          null,
          1,
          6,
          6,
          null,
          null
        ]
      },
      "/Users/hernanvelasquez/jobs/positrace/app/controllers/application_controller.rb": {
        "lines": [
          1,
          null,
          1,
          1,
          null,
          1,
          1,
          3,
          3,
          null,
          null,
          1,
          1,
          1,
          null,
          null
        ]
      },
      "/Users/hernanvelasquez/jobs/positrace/lib/exceptions.rb": {
        "lines": [
          1,
          1,
          null
        ]
      },
      "/Users/hernanvelasquez/jobs/positrace/spec/services/geolocator_creator_service_spec.rb": {
        "lines": [
          1,
          null,
          1,
          null,
          7,
          null,
          1,
          2,
          2,
          null,
          1,
          1,
          1,
          null,
          null,
          null,
          1,
          2,
          2,
          null,
          1,
          1,
          1,
          null,
          null,
          1,
          1,
          1,
          null,
          null,
          null,
          1,
          2,
          2,
          null,
          1,
          1,
          null,
          null,
          null,
          null,
          1,
          1,
          1,
          null,
          null,
          null,
          1,
          2,
          2,
          null,
          1,
          1,
          1,
          1,
          1,
          null,
          null,
          null,
          null,
          1,
          2,
          2,
          null,
          1,
          1,
          null,
          null,
          null,
          1,
          1,
          1,
          1,
          null,
          null,
          null,
          null,
          1,
          2,
          2,
          null,
          1,
          1,
          1,
          1,
          1,
          null,
          null,
          null,
          null
        ]
      },
      "/Users/hernanvelasquez/jobs/positrace/app/services/geolocator_creator_service.rb": {
        "lines": [
          1,
          null,
          1,
          null,
          1,
          11,
          11,
          11,
          null,
          null,
          null,
          1,
          11,
          null,
          7,
          7,
          6,
          1,
          1,
          null,
          5,
          5,
          5,
          5,
          1,
          1,
          null,
          4,
          null,
          null,
          1,
          null,
          1,
          11,
          3,
          null,
          11,
          11,
          1,
          null,
          11,
          null,
          null
        ]
      },
      "/Users/hernanvelasquez/jobs/positrace/spec/services/geolocator_service_provider_spec.rb": {
        "lines": [
          1,
          null,
          1,
          null,
          1,
          2,
          null,
          1,
          1,
          null,
          null,
          null,
          1,
          2,
          2,
          null,
          1,
          2,
          null,
          null,
          null
        ]
      },
      "/Users/hernanvelasquez/jobs/positrace/app/services/geolocator_service_provider.rb": {
        "lines": [
          1,
          null,
          1,
          11,
          null,
          null,
          1,
          8,
          8,
          8,
          null,
          null,
          1,
          1,
          null,
          null
        ]
      },
      "/Users/hernanvelasquez/jobs/positrace/spec/services/ip_stack_service_provider_spec.rb": {
        "lines": [
          1,
          null,
          1,
          null,
          2,
          3,
          null,
          1,
          2,
          null,
          1,
          1,
          1,
          1,
          1,
          1,
          7,
          null,
          null,
          null,
          null,
          null,
          1,
          2,
          2,
          null,
          1,
          1,
          1,
          1,
          1,
          null,
          null,
          null,
          null
        ]
      },
      "/Users/hernanvelasquez/jobs/positrace/app/services/ip_stack_service_provider.rb": {
        "lines": [
          1,
          1,
          null,
          1,
          null,
          1,
          10,
          null,
          null,
          1,
          8,
          7,
          1,
          null,
          null,
          null,
          null,
          null,
          6,
          null,
          null,
          null,
          null,
          null,
          null,
          null,
          null,
          null,
          null,
          null,
          null,
          1,
          null,
          null,
          null
        ]
      }
    },
    "timestamp": 1702359520
  }
}
